2023-03-23 12:44:52,783 ERROR 25852 [-/127.0.0.1/-/0ms GET /] nodejs.TypeError: Class constructor BaseContextClass cannot be invoked without 'new'
    at EosServiceController (/project/home/bytehubs/workspace/node_modules/@blocksx/eos-core/app/controller/EosService.js:16:24)
    at initializer (/project/home/bytehubs/workspace/node_modules/egg-core/lib/loader/mixin/controller.js:30:17)
    at getExports (/project/home/bytehubs/workspace/node_modules/egg-core/lib/loader/file_loader.js:202:15)
    at FileLoader.parse (/project/home/bytehubs/workspace/node_modules/egg-core/lib/loader/file_loader.js:158:25)
    at FileLoader.load (/project/home/bytehubs/workspace/node_modules/egg-core/lib/loader/file_loader.js:67:24)
    at AppWorkerLoader.loadToApp (/project/home/bytehubs/workspace/node_modules/egg-core/lib/loader/egg_loader.js:393:25)
    at AppWorkerLoader.loadController (/project/home/bytehubs/workspace/node_modules/egg-core/lib/loader/mixin/controller.js:49:10)
    at AppBoot.loadControllerByDirectory (/project/home/bytehubs/workspace/node_modules/@blocksx/eos-core/app/core/Boot.js:39:21)
    at /project/home/bytehubs/workspace/node_modules/@blocksx/eos-core/app/core/Boot.js:47:13
    at AppBoot.walk (/project/home/bytehubs/workspace/node_modules/@blocksx/eos-core/app/core/Boot.js:33:9)

pid: 25852
hostname: j9vlhc

2023-03-23 12:49:17,106 ERROR 27521 [-/127.0.0.1/-/1ms GET /] nodejs.TypeError: Class constructor BaseContextClass cannot be invoked without 'new'
    at EosServiceController (/project/home/bytehubs/workspace/node_modules/@blocksx/eos-core/app/controller/EosService.js:16:24)
    at initializer (/project/home/bytehubs/workspace/node_modules/egg-core/lib/loader/mixin/controller.js:30:17)
    at getExports (/project/home/bytehubs/workspace/node_modules/egg-core/lib/loader/file_loader.js:202:15)
    at FileLoader.parse (/project/home/bytehubs/workspace/node_modules/egg-core/lib/loader/file_loader.js:158:25)
    at FileLoader.load (/project/home/bytehubs/workspace/node_modules/egg-core/lib/loader/file_loader.js:67:24)
    at AppWorkerLoader.loadToApp (/project/home/bytehubs/workspace/node_modules/egg-core/lib/loader/egg_loader.js:393:25)
    at AppWorkerLoader.loadController (/project/home/bytehubs/workspace/node_modules/egg-core/lib/loader/mixin/controller.js:49:10)
    at AppBoot.loadControllerByDirectory (/project/home/bytehubs/workspace/node_modules/@blocksx/eos-core/app/core/Boot.js:39:21)
    at /project/home/bytehubs/workspace/node_modules/@blocksx/eos-core/app/core/Boot.js:47:13
    at AppBoot.walk (/project/home/bytehubs/workspace/node_modules/@blocksx/eos-core/app/core/Boot.js:33:9)

pid: 27521
hostname: j9vlhc

2023-03-23 14:09:07,715 ERROR 1849 [-/127.0.0.1/-/0ms GET /] nodejs.TypeError: Class constructor BaseContextClass cannot be invoked without 'new'
    at EosServiceController (/project/eos-bytehubs/node_modules/@blocksx/eos-core/app/controller/EosService.js:16:24)
    at initializer (/project/eos-bytehubs/node_modules/egg-core/lib/loader/mixin/controller.js:30:17)
    at getExports (/project/eos-bytehubs/node_modules/egg-core/lib/loader/file_loader.js:202:15)
    at FileLoader.parse (/project/eos-bytehubs/node_modules/egg-core/lib/loader/file_loader.js:158:25)
    at FileLoader.load (/project/eos-bytehubs/node_modules/egg-core/lib/loader/file_loader.js:67:24)
    at AppWorkerLoader.loadToApp (/project/eos-bytehubs/node_modules/egg-core/lib/loader/egg_loader.js:393:25)
    at AppWorkerLoader.loadController (/project/eos-bytehubs/node_modules/egg-core/lib/loader/mixin/controller.js:49:10)
    at AppBoot.loadControllerByDirectory (/project/eos-bytehubs/node_modules/@blocksx/eos-core/app/core/Boot.js:39:21)
    at /project/eos-bytehubs/node_modules/@blocksx/eos-core/app/core/Boot.js:47:13
    at AppBoot.walk (/project/eos-bytehubs/node_modules/@blocksx/eos-core/app/core/Boot.js:33:9)

pid: 1849
hostname: j9vlhc

2023-03-23 14:10:26,309 ERROR 2874 [-/127.0.0.1/-/0ms GET /] nodejs.TypeError: Class constructor BaseContextClass cannot be invoked without 'new'
    at EosServiceController (/project/home/bytehubs/workspace/node_modules/@blocksx/eos-core/app/controller/EosService.js:16:24)
    at initializer (/project/home/bytehubs/workspace/node_modules/egg-core/lib/loader/mixin/controller.js:30:17)
    at getExports (/project/home/bytehubs/workspace/node_modules/egg-core/lib/loader/file_loader.js:202:15)
    at FileLoader.parse (/project/home/bytehubs/workspace/node_modules/egg-core/lib/loader/file_loader.js:158:25)
    at FileLoader.load (/project/home/bytehubs/workspace/node_modules/egg-core/lib/loader/file_loader.js:67:24)
    at AppWorkerLoader.loadToApp (/project/home/bytehubs/workspace/node_modules/egg-core/lib/loader/egg_loader.js:393:25)
    at AppWorkerLoader.loadController (/project/home/bytehubs/workspace/node_modules/egg-core/lib/loader/mixin/controller.js:49:10)
    at AppBoot.loadControllerByDirectory (/project/home/bytehubs/workspace/node_modules/@blocksx/eos-core/app/core/Boot.js:39:21)
    at /project/home/bytehubs/workspace/node_modules/@blocksx/eos-core/app/core/Boot.js:47:13
    at AppBoot.walk (/project/home/bytehubs/workspace/node_modules/@blocksx/eos-core/app/core/Boot.js:33:9)

pid: 2874
hostname: j9vlhc

2023-03-23 14:22:08,488 ERROR 8815 [-/127.0.0.1/-/0ms GET /] nodejs.TypeError: Class constructor BaseContextClass cannot be invoked without 'new'
    at EosServiceController (/project/home/bytehubs/workspace/node_modules/@blocksx/eos-core/app/controller/EosService.js:16:24)
    at initializer (/project/home/bytehubs/workspace/node_modules/egg-core/lib/loader/mixin/controller.js:30:17)
    at getExports (/project/home/bytehubs/workspace/node_modules/egg-core/lib/loader/file_loader.js:202:15)
    at FileLoader.parse (/project/home/bytehubs/workspace/node_modules/egg-core/lib/loader/file_loader.js:158:25)
    at FileLoader.load (/project/home/bytehubs/workspace/node_modules/egg-core/lib/loader/file_loader.js:67:24)
    at AppWorkerLoader.loadToApp (/project/home/bytehubs/workspace/node_modules/egg-core/lib/loader/egg_loader.js:393:25)
    at AppWorkerLoader.loadController (/project/home/bytehubs/workspace/node_modules/egg-core/lib/loader/mixin/controller.js:49:10)
    at AppBoot.loadControllerByDirectory (/project/home/bytehubs/workspace/node_modules/@blocksx/eos-core/app/core/Boot.js:39:21)
    at /project/home/bytehubs/workspace/node_modules/@blocksx/eos-core/app/core/Boot.js:47:13
    at AppBoot.walk (/project/home/bytehubs/workspace/node_modules/@blocksx/eos-core/app/core/Boot.js:33:9)

pid: 8815
hostname: j9vlhc

2023-03-23 14:24:41,174 ERROR 10358 [-/127.0.0.1/-/0ms GET /] nodejs.TypeError: Class constructor BaseContextClass cannot be invoked without 'new'
    at EosServiceController (/project/home/bytehubs/workspace/node_modules/@blocksx/eos-core/app/controller/EosService.js:16:24)
    at initializer (/project/home/bytehubs/workspace/node_modules/egg-core/lib/loader/mixin/controller.js:30:17)
    at getExports (/project/home/bytehubs/workspace/node_modules/egg-core/lib/loader/file_loader.js:202:15)
    at FileLoader.parse (/project/home/bytehubs/workspace/node_modules/egg-core/lib/loader/file_loader.js:158:25)
    at FileLoader.load (/project/home/bytehubs/workspace/node_modules/egg-core/lib/loader/file_loader.js:67:24)
    at AppWorkerLoader.loadToApp (/project/home/bytehubs/workspace/node_modules/egg-core/lib/loader/egg_loader.js:393:25)
    at AppWorkerLoader.loadController (/project/home/bytehubs/workspace/node_modules/egg-core/lib/loader/mixin/controller.js:49:10)
    at AppBoot.loadControllerByDirectory (/project/home/bytehubs/workspace/node_modules/@blocksx/eos-core/app/core/Boot.js:39:21)
    at /project/home/bytehubs/workspace/node_modules/@blocksx/eos-core/app/core/Boot.js:47:13
    at AppBoot.walk (/project/home/bytehubs/workspace/node_modules/@blocksx/eos-core/app/core/Boot.js:33:9)

pid: 10358
hostname: j9vlhc

2023-03-23 14:27:58,030 ERROR 12132 [-/127.0.0.1/-/0ms GET /] nodejs.TypeError: Class constructor BaseContextClass cannot be invoked without 'new'
    at EosServiceController (/project/home/bytehubs/workspace/node_modules/@blocksx/eos-core/app/controller/EosService.js:16:24)
    at initializer (/project/home/bytehubs/workspace/node_modules/egg-core/lib/loader/mixin/controller.js:30:17)
    at getExports (/project/home/bytehubs/workspace/node_modules/egg-core/lib/loader/file_loader.js:202:15)
    at FileLoader.parse (/project/home/bytehubs/workspace/node_modules/egg-core/lib/loader/file_loader.js:158:25)
    at FileLoader.load (/project/home/bytehubs/workspace/node_modules/egg-core/lib/loader/file_loader.js:67:24)
    at AppWorkerLoader.loadToApp (/project/home/bytehubs/workspace/node_modules/egg-core/lib/loader/egg_loader.js:393:25)
    at AppWorkerLoader.loadController (/project/home/bytehubs/workspace/node_modules/egg-core/lib/loader/mixin/controller.js:49:10)
    at AppBoot.loadControllerByDirectory (/project/home/bytehubs/workspace/node_modules/@blocksx/eos-core/app/core/Boot.js:39:21)
    at /project/home/bytehubs/workspace/node_modules/@blocksx/eos-core/app/core/Boot.js:47:13
    at AppBoot.walk (/project/home/bytehubs/workspace/node_modules/@blocksx/eos-core/app/core/Boot.js:33:9)

pid: 12132
hostname: j9vlhc

2023-03-23 14:29:37,635 ERROR 12915 [-/127.0.0.1/-/1ms GET /] nodejs.TypeError: Class constructor BaseContextClass cannot be invoked without 'new'
    at EosServiceController (/project/home/bytehubs/workspace/node_modules/@blocksx/eos-core/app/controller/EosService.js:16:24)
    at initializer (/project/home/bytehubs/workspace/node_modules/egg-core/lib/loader/mixin/controller.js:30:17)
    at getExports (/project/home/bytehubs/workspace/node_modules/egg-core/lib/loader/file_loader.js:202:15)
    at FileLoader.parse (/project/home/bytehubs/workspace/node_modules/egg-core/lib/loader/file_loader.js:158:25)
    at FileLoader.load (/project/home/bytehubs/workspace/node_modules/egg-core/lib/loader/file_loader.js:67:24)
    at AppWorkerLoader.loadToApp (/project/home/bytehubs/workspace/node_modules/egg-core/lib/loader/egg_loader.js:393:25)
    at AppWorkerLoader.loadController (/project/home/bytehubs/workspace/node_modules/egg-core/lib/loader/mixin/controller.js:49:10)
    at AppBoot.loadControllerByDirectory (/project/home/bytehubs/workspace/node_modules/@blocksx/eos-core/app/core/Boot.js:39:21)
    at /project/home/bytehubs/workspace/node_modules/@blocksx/eos-core/app/core/Boot.js:47:13
    at AppBoot.walk (/project/home/bytehubs/workspace/node_modules/@blocksx/eos-core/app/core/Boot.js:33:9)

pid: 12915
hostname: j9vlhc

2023-03-23 14:31:28,802 ERROR 13747 [-/127.0.0.1/-/1ms GET /] nodejs.TypeError: Class constructor BaseContextClass cannot be invoked without 'new'
    at EosServiceController (/project/home/bytehubs/workspace/node_modules/@blocksx/eos-core/app/controller/EosService.js:16:24)
    at initializer (/project/home/bytehubs/workspace/node_modules/egg-core/lib/loader/mixin/controller.js:30:17)
    at getExports (/project/home/bytehubs/workspace/node_modules/egg-core/lib/loader/file_loader.js:202:15)
    at FileLoader.parse (/project/home/bytehubs/workspace/node_modules/egg-core/lib/loader/file_loader.js:158:25)
    at FileLoader.load (/project/home/bytehubs/workspace/node_modules/egg-core/lib/loader/file_loader.js:67:24)
    at AppWorkerLoader.loadToApp (/project/home/bytehubs/workspace/node_modules/egg-core/lib/loader/egg_loader.js:393:25)
    at AppWorkerLoader.loadController (/project/home/bytehubs/workspace/node_modules/egg-core/lib/loader/mixin/controller.js:49:10)
    at AppBoot.loadControllerByDirectory (/project/home/bytehubs/workspace/node_modules/@blocksx/eos-core/app/core/Boot.js:39:21)
    at /project/home/bytehubs/workspace/node_modules/@blocksx/eos-core/app/core/Boot.js:47:13
    at AppBoot.walk (/project/home/bytehubs/workspace/node_modules/@blocksx/eos-core/app/core/Boot.js:33:9)

pid: 13747
hostname: j9vlhc

2023-03-23 14:33:01,324 ERROR 14443 [-/127.0.0.1/-/0ms GET /] nodejs.TypeError: Class constructor BaseContextClass cannot be invoked without 'new'
    at EosServiceController (/project/home/bytehubs/workspace/node_modules/@blocksx/eos-core/app/controller/EosService.js:16:24)
    at initializer (/project/home/bytehubs/workspace/node_modules/egg-core/lib/loader/mixin/controller.js:30:17)
    at getExports (/project/home/bytehubs/workspace/node_modules/egg-core/lib/loader/file_loader.js:202:15)
    at FileLoader.parse (/project/home/bytehubs/workspace/node_modules/egg-core/lib/loader/file_loader.js:158:25)
    at FileLoader.load (/project/home/bytehubs/workspace/node_modules/egg-core/lib/loader/file_loader.js:67:24)
    at AppWorkerLoader.loadToApp (/project/home/bytehubs/workspace/node_modules/egg-core/lib/loader/egg_loader.js:393:25)
    at AppWorkerLoader.loadController (/project/home/bytehubs/workspace/node_modules/egg-core/lib/loader/mixin/controller.js:49:10)
    at AppBoot.loadControllerByDirectory (/project/home/bytehubs/workspace/node_modules/@blocksx/eos-core/app/core/Boot.js:39:21)
    at /project/home/bytehubs/workspace/node_modules/@blocksx/eos-core/app/core/Boot.js:47:13
    at AppBoot.walk (/project/home/bytehubs/workspace/node_modules/@blocksx/eos-core/app/core/Boot.js:33:9)

pid: 14443
hostname: j9vlhc

2023-03-24 12:04:52,466 ERROR 23474 [-/127.0.0.1/-/0ms GET /] nodejs.TypeError: Class constructor BaseContextClass cannot be invoked without 'new'
    at EosServiceController (/project/home/bytehubs/workspace/node_modules/@blocksx/eos-core/app/controller/EosService.js:16:24)
    at initializer (/project/home/bytehubs/workspace/node_modules/egg-core/lib/loader/mixin/controller.js:30:17)
    at getExports (/project/home/bytehubs/workspace/node_modules/egg-core/lib/loader/file_loader.js:202:15)
    at FileLoader.parse (/project/home/bytehubs/workspace/node_modules/egg-core/lib/loader/file_loader.js:158:25)
    at FileLoader.load (/project/home/bytehubs/workspace/node_modules/egg-core/lib/loader/file_loader.js:67:24)
    at AppWorkerLoader.loadToApp (/project/home/bytehubs/workspace/node_modules/egg-core/lib/loader/egg_loader.js:393:25)
    at AppWorkerLoader.loadController (/project/home/bytehubs/workspace/node_modules/egg-core/lib/loader/mixin/controller.js:49:10)
    at AppBoot.loadControllerByDirectory (/project/home/bytehubs/workspace/node_modules/@blocksx/eos-core/app/core/Boot.js:39:21)
    at /project/home/bytehubs/workspace/node_modules/@blocksx/eos-core/app/core/Boot.js:47:13
    at AppBoot.walk (/project/home/bytehubs/workspace/node_modules/@blocksx/eos-core/app/core/Boot.js:33:9)

pid: 23474
hostname: j9vlhc

2023-03-24 12:10:39,057 ERROR 27151 [-/127.0.0.1/-/0ms GET /] nodejs.TypeError: Class constructor BaseContextClass cannot be invoked without 'new'
    at EosServiceController (/project/home/bytehubs/workspace/node_modules/@blocksx/eos-core/app/controller/EosService.js:16:24)
    at initializer (/project/home/bytehubs/workspace/node_modules/egg-core/lib/loader/mixin/controller.js:30:17)
    at getExports (/project/home/bytehubs/workspace/node_modules/egg-core/lib/loader/file_loader.js:202:15)
    at FileLoader.parse (/project/home/bytehubs/workspace/node_modules/egg-core/lib/loader/file_loader.js:158:25)
    at FileLoader.load (/project/home/bytehubs/workspace/node_modules/egg-core/lib/loader/file_loader.js:67:24)
    at AppWorkerLoader.loadToApp (/project/home/bytehubs/workspace/node_modules/egg-core/lib/loader/egg_loader.js:393:25)
    at AppWorkerLoader.loadController (/project/home/bytehubs/workspace/node_modules/egg-core/lib/loader/mixin/controller.js:49:10)
    at AppBoot.loadControllerByDirectory (/project/home/bytehubs/workspace/node_modules/@blocksx/eos-core/app/core/Boot.js:39:21)
    at /project/home/bytehubs/workspace/node_modules/@blocksx/eos-core/app/core/Boot.js:47:13
    at AppBoot.walk (/project/home/bytehubs/workspace/node_modules/@blocksx/eos-core/app/core/Boot.js:33:9)

pid: 27151
hostname: j9vlhc

2023-03-24 12:25:03,490 ERROR 32609 [-/127.0.0.1/-/0ms GET /] nodejs.TypeError: Class constructor BaseContextClass cannot be invoked without 'new'
    at EosServiceController (/project/home/bytehubs/workspace/node_modules/@blocksx/eos-core/app/controller/EosService.js:16:24)
    at initializer (/project/home/bytehubs/workspace/node_modules/egg-core/lib/loader/mixin/controller.js:30:17)
    at getExports (/project/home/bytehubs/workspace/node_modules/egg-core/lib/loader/file_loader.js:202:15)
    at FileLoader.parse (/project/home/bytehubs/workspace/node_modules/egg-core/lib/loader/file_loader.js:158:25)
    at FileLoader.load (/project/home/bytehubs/workspace/node_modules/egg-core/lib/loader/file_loader.js:67:24)
    at AppWorkerLoader.loadToApp (/project/home/bytehubs/workspace/node_modules/egg-core/lib/loader/egg_loader.js:393:25)
    at AppWorkerLoader.loadController (/project/home/bytehubs/workspace/node_modules/egg-core/lib/loader/mixin/controller.js:49:10)
    at AppBoot.loadControllerByDirectory (/project/home/bytehubs/workspace/node_modules/@blocksx/eos-core/app/core/Boot.js:39:21)
    at /project/home/bytehubs/workspace/node_modules/@blocksx/eos-core/app/core/Boot.js:47:13
    at AppBoot.walk (/project/home/bytehubs/workspace/node_modules/@blocksx/eos-core/app/core/Boot.js:33:9)

pid: 32609
hostname: j9vlhc

