2023-03-23 12:22:21,345 INFO 19779 [egg-schedule]: register schedule /project/home/bytehubs/workspace/node_modules/egg-multipart/app/schedule/clean_tmpdir.js
2023-03-23 12:22:21,345 INFO 19779 [egg-schedule]: register schedule /project/home/bytehubs/workspace/node_modules/egg-logrotator/app/schedule/clean_log.js
2023-03-23 12:22:21,345 INFO 19779 [egg-schedule]: register schedule /project/home/bytehubs/workspace/node_modules/egg-logrotator/app/schedule/rotate_by_file.js
2023-03-23 12:22:22,644 INFO 19728 [Timer] /project/home/bytehubs/workspace/node_modules/egg-multipart/app/schedule/clean_tmpdir.js next time will execute after 58057358ms at 2023-03-24 04:30:00.002
2023-03-23 12:22:22,645 INFO 19728 [Timer] /project/home/bytehubs/workspace/node_modules/egg-logrotator/app/schedule/clean_log.js next time will execute after 41857355ms at 2023-03-24 00:00:00.000
2023-03-23 12:22:22,645 INFO 19728 [Timer] /project/home/bytehubs/workspace/node_modules/egg-logrotator/app/schedule/rotate_by_file.js next time will execute after 41858355ms at 2023-03-24 00:00:01.000
2023-03-23 12:44:52,629 INFO 25852 [egg-schedule]: register schedule /project/home/bytehubs/workspace/node_modules/egg-multipart/app/schedule/clean_tmpdir.js
2023-03-23 12:44:52,629 INFO 25852 [egg-schedule]: register schedule /project/home/bytehubs/workspace/node_modules/egg-logrotator/app/schedule/clean_log.js
2023-03-23 12:44:52,629 INFO 25852 [egg-schedule]: register schedule /project/home/bytehubs/workspace/node_modules/egg-logrotator/app/schedule/rotate_by_file.js
2023-03-23 12:49:16,995 INFO 27521 [egg-schedule]: register schedule /project/home/bytehubs/workspace/node_modules/egg-multipart/app/schedule/clean_tmpdir.js
2023-03-23 12:49:16,995 INFO 27521 [egg-schedule]: register schedule /project/home/bytehubs/workspace/node_modules/egg-logrotator/app/schedule/clean_log.js
2023-03-23 12:49:16,995 INFO 27521 [egg-schedule]: register schedule /project/home/bytehubs/workspace/node_modules/egg-logrotator/app/schedule/rotate_by_file.js
2023-03-23 14:09:07,489 INFO 1849 [egg-schedule]: register schedule /project/eos-bytehubs/node_modules/egg-multipart/app/schedule/clean_tmpdir.js
2023-03-23 14:09:07,489 INFO 1849 [egg-schedule]: register schedule /project/eos-bytehubs/node_modules/egg-logrotator/app/schedule/clean_log.js
2023-03-23 14:09:07,489 INFO 1849 [egg-schedule]: register schedule /project/eos-bytehubs/node_modules/egg-logrotator/app/schedule/rotate_by_file.js
2023-03-23 14:10:26,200 INFO 2874 [egg-schedule]: register schedule /project/home/bytehubs/workspace/node_modules/egg-multipart/app/schedule/clean_tmpdir.js
2023-03-23 14:10:26,200 INFO 2874 [egg-schedule]: register schedule /project/home/bytehubs/workspace/node_modules/egg-logrotator/app/schedule/clean_log.js
2023-03-23 14:10:26,200 INFO 2874 [egg-schedule]: register schedule /project/home/bytehubs/workspace/node_modules/egg-logrotator/app/schedule/rotate_by_file.js
2023-03-23 14:22:08,374 INFO 8815 [egg-schedule]: register schedule /project/home/bytehubs/workspace/node_modules/egg-multipart/app/schedule/clean_tmpdir.js
2023-03-23 14:22:08,374 INFO 8815 [egg-schedule]: register schedule /project/home/bytehubs/workspace/node_modules/egg-logrotator/app/schedule/clean_log.js
2023-03-23 14:22:08,374 INFO 8815 [egg-schedule]: register schedule /project/home/bytehubs/workspace/node_modules/egg-logrotator/app/schedule/rotate_by_file.js
2023-03-23 14:24:41,069 INFO 10358 [egg-schedule]: register schedule /project/home/bytehubs/workspace/node_modules/egg-multipart/app/schedule/clean_tmpdir.js
2023-03-23 14:24:41,069 INFO 10358 [egg-schedule]: register schedule /project/home/bytehubs/workspace/node_modules/egg-logrotator/app/schedule/clean_log.js
2023-03-23 14:24:41,069 INFO 10358 [egg-schedule]: register schedule /project/home/bytehubs/workspace/node_modules/egg-logrotator/app/schedule/rotate_by_file.js
2023-03-23 14:27:57,922 INFO 12132 [egg-schedule]: register schedule /project/home/bytehubs/workspace/node_modules/egg-multipart/app/schedule/clean_tmpdir.js
2023-03-23 14:27:57,922 INFO 12132 [egg-schedule]: register schedule /project/home/bytehubs/workspace/node_modules/egg-logrotator/app/schedule/clean_log.js
2023-03-23 14:27:57,922 INFO 12132 [egg-schedule]: register schedule /project/home/bytehubs/workspace/node_modules/egg-logrotator/app/schedule/rotate_by_file.js
2023-03-23 14:29:37,471 INFO 12915 [egg-schedule]: register schedule /project/home/bytehubs/workspace/node_modules/egg-multipart/app/schedule/clean_tmpdir.js
2023-03-23 14:29:37,471 INFO 12915 [egg-schedule]: register schedule /project/home/bytehubs/workspace/node_modules/egg-logrotator/app/schedule/clean_log.js
2023-03-23 14:29:37,471 INFO 12915 [egg-schedule]: register schedule /project/home/bytehubs/workspace/node_modules/egg-logrotator/app/schedule/rotate_by_file.js
2023-03-23 14:31:28,664 INFO 13747 [egg-schedule]: register schedule /project/home/bytehubs/workspace/node_modules/egg-multipart/app/schedule/clean_tmpdir.js
2023-03-23 14:31:28,664 INFO 13747 [egg-schedule]: register schedule /project/home/bytehubs/workspace/node_modules/egg-logrotator/app/schedule/clean_log.js
2023-03-23 14:31:28,664 INFO 13747 [egg-schedule]: register schedule /project/home/bytehubs/workspace/node_modules/egg-logrotator/app/schedule/rotate_by_file.js
2023-03-23 14:33:01,223 INFO 14443 [egg-schedule]: register schedule /project/home/bytehubs/workspace/node_modules/egg-multipart/app/schedule/clean_tmpdir.js
2023-03-23 14:33:01,223 INFO 14443 [egg-schedule]: register schedule /project/home/bytehubs/workspace/node_modules/egg-logrotator/app/schedule/clean_log.js
2023-03-23 14:33:01,223 INFO 14443 [egg-schedule]: register schedule /project/home/bytehubs/workspace/node_modules/egg-logrotator/app/schedule/rotate_by_file.js
2023-03-24 12:04:52,297 INFO 23474 [egg-schedule]: register schedule /project/home/bytehubs/workspace/node_modules/egg-multipart/app/schedule/clean_tmpdir.js
2023-03-24 12:04:52,297 INFO 23474 [egg-schedule]: register schedule /project/home/bytehubs/workspace/node_modules/egg-logrotator/app/schedule/clean_log.js
2023-03-24 12:04:52,297 INFO 23474 [egg-schedule]: register schedule /project/home/bytehubs/workspace/node_modules/egg-logrotator/app/schedule/rotate_by_file.js
2023-03-24 12:10:38,982 INFO 27151 [egg-schedule]: register schedule /project/home/bytehubs/workspace/node_modules/egg-multipart/app/schedule/clean_tmpdir.js
2023-03-24 12:10:38,982 INFO 27151 [egg-schedule]: register schedule /project/home/bytehubs/workspace/node_modules/egg-logrotator/app/schedule/clean_log.js
2023-03-24 12:10:38,982 INFO 27151 [egg-schedule]: register schedule /project/home/bytehubs/workspace/node_modules/egg-logrotator/app/schedule/rotate_by_file.js
2023-03-24 12:25:03,393 INFO 32609 [egg-schedule]: register schedule /project/home/bytehubs/workspace/node_modules/egg-multipart/app/schedule/clean_tmpdir.js
2023-03-24 12:25:03,394 INFO 32609 [egg-schedule]: register schedule /project/home/bytehubs/workspace/node_modules/egg-logrotator/app/schedule/clean_log.js
2023-03-24 12:25:03,394 INFO 32609 [egg-schedule]: register schedule /project/home/bytehubs/workspace/node_modules/egg-logrotator/app/schedule/rotate_by_file.js
2023-03-25 01:39:57,079 INFO 17371 [Timer] /project/home/bytehubs/workspace/node_modules/egg-multipart/app/schedule/clean_tmpdir.js next time will execute after 10202924ms at 2023-03-25 04:30:00.003
2023-03-25 01:39:57,080 INFO 17371 [Timer] /project/home/bytehubs/workspace/node_modules/egg-logrotator/app/schedule/clean_log.js next time will execute after 80402920ms at 2023-03-26 00:00:00.000
2023-03-25 01:39:57,081 INFO 17371 [Timer] /project/home/bytehubs/workspace/node_modules/egg-logrotator/app/schedule/rotate_by_file.js next time will execute after 80403920ms at 2023-03-26 00:00:01.001
2023-03-25 01:39:56,951 INFO 17419 [egg-schedule]: register schedule /project/home/bytehubs/workspace/node_modules/egg-multipart/app/schedule/clean_tmpdir.js
2023-03-25 01:39:56,951 INFO 17419 [egg-schedule]: register schedule /project/home/bytehubs/workspace/node_modules/egg-logrotator/app/schedule/clean_log.js
2023-03-25 01:39:56,951 INFO 17419 [egg-schedule]: register schedule /project/home/bytehubs/workspace/node_modules/egg-logrotator/app/schedule/rotate_by_file.js
2023-03-25 01:41:42,046 INFO 18214 [Timer] /project/home/bytehubs/workspace/node_modules/egg-multipart/app/schedule/clean_tmpdir.js next time will execute after 10097957ms at 2023-03-25 04:30:00.003
2023-03-25 01:41:42,046 INFO 18214 [Timer] /project/home/bytehubs/workspace/node_modules/egg-logrotator/app/schedule/clean_log.js next time will execute after 80297954ms at 2023-03-26 00:00:00.000
2023-03-25 01:41:42,047 INFO 18214 [Timer] /project/home/bytehubs/workspace/node_modules/egg-logrotator/app/schedule/rotate_by_file.js next time will execute after 80298954ms at 2023-03-26 00:00:01.001
2023-03-25 01:41:41,912 INFO 18259 [egg-schedule]: register schedule /project/home/bytehubs/workspace/node_modules/egg-multipart/app/schedule/clean_tmpdir.js
2023-03-25 01:41:41,912 INFO 18259 [egg-schedule]: register schedule /project/home/bytehubs/workspace/node_modules/egg-logrotator/app/schedule/clean_log.js
2023-03-25 01:41:41,912 INFO 18259 [egg-schedule]: register schedule /project/home/bytehubs/workspace/node_modules/egg-logrotator/app/schedule/rotate_by_file.js
2023-03-25 01:42:34,877 INFO 18742 [Timer] /project/home/bytehubs/workspace/node_modules/egg-multipart/app/schedule/clean_tmpdir.js next time will execute after 10045125ms at 2023-03-25 04:30:00.002
2023-03-25 01:42:34,878 INFO 18742 [Timer] /project/home/bytehubs/workspace/node_modules/egg-logrotator/app/schedule/clean_log.js next time will execute after 80245123ms at 2023-03-26 00:00:00.001
2023-03-25 01:42:34,878 INFO 18742 [Timer] /project/home/bytehubs/workspace/node_modules/egg-logrotator/app/schedule/rotate_by_file.js next time will execute after 80246122ms at 2023-03-26 00:00:01.000
2023-03-25 01:42:34,760 INFO 18793 [egg-schedule]: register schedule /project/home/bytehubs/workspace/node_modules/egg-multipart/app/schedule/clean_tmpdir.js
2023-03-25 01:42:34,760 INFO 18793 [egg-schedule]: register schedule /project/home/bytehubs/workspace/node_modules/egg-logrotator/app/schedule/clean_log.js
2023-03-25 01:42:34,760 INFO 18793 [egg-schedule]: register schedule /project/home/bytehubs/workspace/node_modules/egg-logrotator/app/schedule/rotate_by_file.js
2023-03-25 02:31:51,429 INFO 576 [Timer] /project/home/bytehubs/workspace/node_modules/egg-multipart/app/schedule/clean_tmpdir.js next time will execute after 7088573ms at 2023-03-25 04:30:00.002
2023-03-25 02:31:51,430 INFO 576 [Timer] /project/home/bytehubs/workspace/node_modules/egg-logrotator/app/schedule/clean_log.js next time will execute after 77288571ms at 2023-03-26 00:00:00.001
2023-03-25 02:31:51,430 INFO 576 [Timer] /project/home/bytehubs/workspace/node_modules/egg-logrotator/app/schedule/rotate_by_file.js next time will execute after 77289570ms at 2023-03-26 00:00:01.000
2023-03-25 02:31:51,306 INFO 629 [egg-schedule]: register schedule /project/home/bytehubs/workspace/node_modules/egg-multipart/app/schedule/clean_tmpdir.js
2023-03-25 02:31:51,306 INFO 629 [egg-schedule]: register schedule /project/home/bytehubs/workspace/node_modules/egg-logrotator/app/schedule/clean_log.js
2023-03-25 02:31:51,306 INFO 629 [egg-schedule]: register schedule /project/home/bytehubs/workspace/node_modules/egg-logrotator/app/schedule/rotate_by_file.js
2023-03-25 05:13:23,723 INFO 25764 [Timer] /project/home/bytehubs/workspace/node_modules/egg-multipart/app/schedule/clean_tmpdir.js next time will execute after 83796280ms at 2023-03-26 04:30:00.003
2023-03-25 05:13:23,724 INFO 25764 [Timer] /project/home/bytehubs/workspace/node_modules/egg-logrotator/app/schedule/clean_log.js next time will execute after 67596276ms at 2023-03-26 00:00:00.000
2023-03-25 05:13:23,725 INFO 25764 [Timer] /project/home/bytehubs/workspace/node_modules/egg-logrotator/app/schedule/rotate_by_file.js next time will execute after 67597276ms at 2023-03-26 00:00:01.001
2023-03-25 05:13:23,584 INFO 25805 [egg-schedule]: register schedule /project/home/bytehubs/workspace/node_modules/egg-multipart/app/schedule/clean_tmpdir.js
2023-03-25 05:13:23,584 INFO 25805 [egg-schedule]: register schedule /project/home/bytehubs/workspace/node_modules/egg-logrotator/app/schedule/clean_log.js
2023-03-25 05:13:23,584 INFO 25805 [egg-schedule]: register schedule /project/home/bytehubs/workspace/node_modules/egg-logrotator/app/schedule/rotate_by_file.js
2023-03-25 05:15:21,037 INFO 26956 [Timer] /project/home/bytehubs/workspace/node_modules/egg-multipart/app/schedule/clean_tmpdir.js next time will execute after 83678967ms at 2023-03-26 04:30:00.004
2023-03-25 05:15:21,037 INFO 26956 [Timer] /project/home/bytehubs/workspace/node_modules/egg-logrotator/app/schedule/clean_log.js next time will execute after 67478963ms at 2023-03-26 00:00:00.000
2023-03-25 05:15:21,038 INFO 26956 [Timer] /project/home/bytehubs/workspace/node_modules/egg-logrotator/app/schedule/rotate_by_file.js next time will execute after 67479963ms at 2023-03-26 00:00:01.001
2023-03-25 05:15:20,878 INFO 26989 [egg-schedule]: register schedule /project/home/bytehubs/workspace/node_modules/egg-multipart/app/schedule/clean_tmpdir.js
2023-03-25 05:15:20,878 INFO 26989 [egg-schedule]: register schedule /project/home/bytehubs/workspace/node_modules/egg-logrotator/app/schedule/clean_log.js
2023-03-25 05:15:20,878 INFO 26989 [egg-schedule]: register schedule /project/home/bytehubs/workspace/node_modules/egg-logrotator/app/schedule/rotate_by_file.js
2023-03-25 05:49:12,702 INFO 7810 [Timer] /project/home/bytehubs/workspace/node_modules/egg-multipart/app/schedule/clean_tmpdir.js next time will execute after 81647301ms at 2023-03-26 04:30:00.003
2023-03-25 05:49:12,703 INFO 7810 [Timer] /project/home/bytehubs/workspace/node_modules/egg-logrotator/app/schedule/clean_log.js next time will execute after 65447298ms at 2023-03-26 00:00:00.001
2023-03-25 05:49:12,703 INFO 7810 [Timer] /project/home/bytehubs/workspace/node_modules/egg-logrotator/app/schedule/rotate_by_file.js next time will execute after 65448297ms at 2023-03-26 00:00:01.000
2023-03-25 05:49:12,598 INFO 7868 [egg-schedule]: register schedule /project/home/bytehubs/workspace/node_modules/egg-multipart/app/schedule/clean_tmpdir.js
2023-03-25 05:49:12,598 INFO 7868 [egg-schedule]: register schedule /project/home/bytehubs/workspace/node_modules/egg-logrotator/app/schedule/clean_log.js
2023-03-25 05:49:12,598 INFO 7868 [egg-schedule]: register schedule /project/home/bytehubs/workspace/node_modules/egg-logrotator/app/schedule/rotate_by_file.js
